<?xml version="1.0" encoding="UTF-8"?>
<!-- Generated by org.testng.reporters.JUnitReportReporter -->
<testsuite ignored="0" hostname="DESKTOP-CKBL5PE" failures="0" tests="1" name="org.testing.testscripts.testcase1_post" time="3.595" errors="0" timestamp="29 Aug 2023 18:20:31 GMT" skipped="0">
  <testcase classname="org.testing.testscripts.testcase1_post" name="tc1" time="3.595"/>
</testsuite> <!-- org.testing.testscripts.testcase1_post -->
