<?xml version="1.0" encoding="UTF-8"?>
<!-- Generated by org.testng.reporters.JUnitReportReporter -->
<testsuite ignored="0" hostname="DESKTOP-CKBL5PE" failures="0" tests="2" name="org.testing.testscripts.tescase2_get" time="0.266" errors="0" timestamp="29 Aug 2023 18:20:31 GMT" skipped="0">
  <testcase classname="org.testing.testscripts.tescase2_get" name="tc3" time="0.094"/>
  <testcase classname="org.testing.testscripts.tescase2_get" name="tc2" time="0.172"/>
</testsuite> <!-- org.testing.testscripts.tescase2_get -->
