<?xml version="1.0" encoding="UTF-8"?>
<!-- Generated by org.testng.reporters.JUnitReportReporter -->
<testsuite ignored="0" hostname="DESKTOP-CKBL5PE" failures="0" tests="1" name="org.testing.testscripts.testcase1_post" time="2.259" errors="0" timestamp="28 Aug 2023 21:07:04 GMT" skipped="0">
  <testcase classname="org.testing.testscripts.testcase1_post" name="tc1" time="2.259"/>
</testsuite> <!-- org.testing.testscripts.testcase1_post -->
