<?xml version="1.0" encoding="UTF-8"?>
<!-- Generated by org.testng.reporters.JUnitReportReporter -->
<testsuite ignored="0" hostname="DESKTOP-CKBL5PE" failures="0" tests="1" name="org.testing.testscripts.testcase3_getparticular" time="0.055" errors="0" timestamp="28 Aug 2023 21:31:08 GMT" skipped="0">
  <testcase classname="org.testing.testscripts.testcase3_getparticular" name="tc3" time="0.055"/>
</testsuite> <!-- org.testing.testscripts.testcase3_getparticular -->
